0 info it worked if it ends with ok
1 verbose cli [ '/usr/local/bin/node', '/usr/local/bin/npm', 'run', 'test' ]
2 info using npm@3.10.3
3 info using node@v6.5.0
4 verbose run-script [ 'pretest', 'test', 'posttest' ]
5 info lifecycle artefactor@0.1.0~pretest: artefactor@0.1.0
6 silly lifecycle artefactor@0.1.0~pretest: no script for pretest, continuing
7 info lifecycle artefactor@0.1.0~test: artefactor@0.1.0
8 verbose lifecycle artefactor@0.1.0~test: unsafe-perm in lifecycle true
9 verbose lifecycle artefactor@0.1.0~test: PATH: /usr/local/lib/node_modules/npm/bin/node-gyp-bin:/Users/kristianmandrup/repos/aurelia-projs/ai/artefactor/node_modules/.bin:/usr/local/bin:/Users/kristianmandrup/anaconda/bin:/Users/kristianmandrup/Dropbox/Fuse-0.11/Contents/Linux:/Users/kristianmandrup/Dropbox/Fuse-0.11/Contents:/Users/kristianmandrup/Dropbox/Fuse-0.11/Contents/Mono/bin:/Users/kristianmandrup/Dropbox/Fuse-0.11/Contents/MonoBundle://anaconda/bin:/usr/local/bin:/Users/kristianmandrup/scala-2.11.7/bin:/Users/kristianmandrup/purescript:/Users/kristianmandrup/psc-ide:/Applications/xiki-master/bin:/usr/local/opt/android-sdk/tools:/Users/kristianmandrup/.rvm/gems/ruby-2.3.0/bin:/Users/kristianmandrup/.rvm/gems/ruby-2.3.0@global/bin:/Users/kristianmandrup/.rvm/rubies/ruby-2.3.0/bin:/usr/local/bin:/usr/bin:/bin:/usr/sbin:/sbin:/usr/local/share/npm/bin:/opt/X11/bin:/usr/local/git/bin:/usr/local/go/bin:/usr/local/MacGPG2/bin:/Users/kristianmandrup/.rvm/bin:/Users/kristianmandrup/npm/bin
10 verbose lifecycle artefactor@0.1.0~test: CWD: /Users/kristianmandrup/repos/aurelia-projs/ai/artefactor
11 silly lifecycle artefactor@0.1.0~test: Args: [ '-c', 'make test' ]
12 silly lifecycle artefactor@0.1.0~test: Returned: code: 2  signal: null
13 info lifecycle artefactor@0.1.0~test: Failed to exec test script
14 verbose stack Error: artefactor@0.1.0 test: `make test`
14 verbose stack Exit status 2
14 verbose stack     at EventEmitter.<anonymous> (/usr/local/lib/node_modules/npm/lib/utils/lifecycle.js:242:16)
14 verbose stack     at emitTwo (events.js:106:13)
14 verbose stack     at EventEmitter.emit (events.js:191:7)
14 verbose stack     at ChildProcess.<anonymous> (/usr/local/lib/node_modules/npm/lib/utils/spawn.js:40:14)
14 verbose stack     at emitTwo (events.js:106:13)
14 verbose stack     at ChildProcess.emit (events.js:191:7)
14 verbose stack     at maybeClose (internal/child_process.js:877:16)
14 verbose stack     at Process.ChildProcess._handle.onexit (internal/child_process.js:226:5)
15 verbose pkgid artefactor@0.1.0
16 verbose cwd /Users/kristianmandrup/repos/aurelia-projs/ai/artefactor
17 error Darwin 15.6.0
18 error argv "/usr/local/bin/node" "/usr/local/bin/npm" "run" "test"
19 error node v6.5.0
20 error npm  v3.10.3
21 error code ELIFECYCLE
22 error artefactor@0.1.0 test: `make test`
22 error Exit status 2
23 error Failed at the artefactor@0.1.0 test script 'make test'.
23 error Make sure you have the latest version of node.js and npm installed.
23 error If you do, this is most likely a problem with the artefactor package,
23 error not with npm itself.
23 error Tell the author that this fails on your system:
23 error     make test
23 error You can get information on how to open an issue for this project with:
23 error     npm bugs artefactor
23 error Or if that isn't available, you can get their info via:
23 error     npm owner ls artefactor
23 error There is likely additional logging output above.
24 verbose exit [ 1, true ]
